Listening for transport dt_socket at address: 8788
2020-10-19 05:40:31.091  INFO 144485 --- [           main] trationDelegate$BeanPostProcessorChecker : Bean 'org.springframework.cloud.autoconfigure.ConfigurationPropertiesRebinderAutoConfiguration' of type [org.springframework.cloud.autoconfigure.ConfigurationPropertiesRebinderAutoConfiguration$$EnhancerBySpringCGLIB$$67d36119] is not eligible for getting processed by all BeanPostProcessors (for example: not eligible for auto-proxying)

  .   ____          _            __ _ _
 /\\ / ___'_ __ _ _(_)_ __  __ _ \ \ \ \
( ( )\___ | '_ | '_| | '_ \/ _` | \ \ \ \
 \\/  ___)| |_)| | | | | || (_| |  ) ) ) )
  '  |____| .__|_| |_|_| |_\__, | / / / /
 =========|_|==============|___/=/_/_/_/
 :: Spring Boot ::        (v2.3.2.RELEASE)

2020-10-19 05:40:32.681  INFO 144485 --- [           main] com.ing.IngUserManagementApplication     : The following profiles are active: prod
2020-10-19 05:40:34.824  INFO 144485 --- [           main] .s.d.r.c.RepositoryConfigurationDelegate : Bootstrapping Spring Data JPA repositories in DEFERRED mode.
2020-10-19 05:40:35.030  INFO 144485 --- [           main] .s.d.r.c.RepositoryConfigurationDelegate : Finished Spring Data repository scanning in 173ms. Found 1 JPA repository interfaces.
2020-10-19 05:40:35.477  INFO 144485 --- [           main] o.s.cloud.context.scope.GenericScope     : BeanFactory id=bc95c8b5-c6f5-3068-a094-064749c2a3f8
2020-10-19 05:40:35.916  INFO 144485 --- [           main] trationDelegate$BeanPostProcessorChecker : Bean 'org.springframework.retry.annotation.RetryConfiguration' of type [org.springframework.retry.annotation.RetryConfiguration$$EnhancerBySpringCGLIB$$417cf641] is not eligible for getting processed by all BeanPostProcessors (for example: not eligible for auto-proxying)
2020-10-19 05:40:36.444  INFO 144485 --- [           main] trationDelegate$BeanPostProcessorChecker : Bean 'org.springframework.cloud.autoconfigure.ConfigurationPropertiesRebinderAutoConfiguration' of type [org.springframework.cloud.autoconfigure.ConfigurationPropertiesRebinderAutoConfiguration$$EnhancerBySpringCGLIB$$67d36119] is not eligible for getting processed by all BeanPostProcessors (for example: not eligible for auto-proxying)
2020-10-19 05:40:37.173  INFO 144485 --- [           main] o.s.b.w.embedded.tomcat.TomcatWebServer  : Tomcat initialized with port(s): 8730 (http)
2020-10-19 05:40:37.199  INFO 144485 --- [           main] o.apache.catalina.core.StandardService   : Starting service [Tomcat]
2020-10-19 05:40:37.199  INFO 144485 --- [           main] org.apache.catalina.core.StandardEngine  : Starting Servlet engine: [Apache Tomcat/9.0.37]
2020-10-19 05:40:37.356  INFO 144485 --- [           main] o.a.c.c.C.[.[localhost].[/assessment]    : Initializing Spring embedded WebApplicationContext
2020-10-19 05:40:37.357  INFO 144485 --- [           main] w.s.c.ServletWebServerApplicationContext : Root WebApplicationContext: initialization completed in 4631 ms
2020-10-19 05:40:37.777  INFO 144485 --- [           main] o.s.s.concurrent.ThreadPoolTaskExecutor  : Initializing ExecutorService 'applicationTaskExecutor'
2020-10-19 05:40:38.136  INFO 144485 --- [         task-1] o.hibernate.jpa.internal.util.LogHelper  : HHH000204: Processing PersistenceUnitInfo [name: default]
2020-10-19 05:40:39.029  WARN 144485 --- [           main] JpaBaseConfiguration$JpaWebConfiguration : spring.jpa.open-in-view is enabled by default. Therefore, database queries may be performed during view rendering. Explicitly configure spring.jpa.open-in-view to disable this warning
2020-10-19 05:40:39.280  INFO 144485 --- [         task-1] org.hibernate.Version                    : HHH000412: Hibernate ORM core version 5.4.18.Final
2020-10-19 05:40:40.372  INFO 144485 --- [         task-1] o.hibernate.annotations.common.Version   : HCANN000001: Hibernate Commons Annotations {5.1.0.Final}
2020-10-19 05:40:41.174  INFO 144485 --- [           main] o.s.s.web.DefaultSecurityFilterChain     : Creating filter chain: any request, [org.springframework.security.web.context.request.async.WebAsyncManagerIntegrationFilter@6c2c1385, org.springframework.security.web.context.SecurityContextPersistenceFilter@30c93896, org.springframework.security.web.header.HeaderWriterFilter@5be46f9d, org.springframework.security.web.authentication.logout.LogoutFilter@62010f5c, org.springframework.security.web.authentication.www.BasicAuthenticationFilter@8576fa0, org.springframework.security.web.savedrequest.RequestCacheAwareFilter@338c99c8, org.springframework.security.web.servletapi.SecurityContextHolderAwareRequestFilter@172b013, org.springframework.security.web.authentication.AnonymousAuthenticationFilter@5f354bcf, org.springframework.security.web.session.SessionManagementFilter@68702e03, org.springframework.security.web.access.ExceptionTranslationFilter@479460a6, org.springframework.security.web.access.intercept.FilterSecurityInterceptor@60129b9a]
2020-10-19 05:40:41.195  INFO 144485 --- [         task-1] com.zaxxer.hikari.HikariDataSource       : HikariPool-1 - Starting...
2020-10-19 05:40:41.447  WARN 144485 --- [           main] o.s.c.n.a.ArchaiusAutoConfiguration      : No spring.application.name found, defaulting to 'application'
2020-10-19 05:40:41.472  WARN 144485 --- [           main] c.n.c.sources.URLConfigurationSource     : No URLs will be polled as dynamic configuration sources.
2020-10-19 05:40:41.472  INFO 144485 --- [           main] c.n.c.sources.URLConfigurationSource     : To enable URLs as dynamic configuration sources, define System property archaius.configurationSource.additionalUrls or make config.properties available on classpath.
2020-10-19 05:40:41.536  WARN 144485 --- [           main] c.n.c.sources.URLConfigurationSource     : No URLs will be polled as dynamic configuration sources.
2020-10-19 05:40:41.536  INFO 144485 --- [           main] c.n.c.sources.URLConfigurationSource     : To enable URLs as dynamic configuration sources, define System property archaius.configurationSource.additionalUrls or make config.properties available on classpath.
2020-10-19 05:40:42.450  INFO 144485 --- [         task-1] com.zaxxer.hikari.HikariDataSource       : HikariPool-1 - Start completed.
2020-10-19 05:40:42.792  INFO 144485 --- [         task-1] org.hibernate.dialect.Dialect            : HHH000400: Using dialect: org.hibernate.dialect.H2Dialect
2020-10-19 05:40:45.360  INFO 144485 --- [           main] o.s.b.w.embedded.tomcat.TomcatWebServer  : Tomcat started on port(s): 8730 (http) with context path '/assessment'
2020-10-19 05:40:46.978  INFO 144485 --- [           main] o.apache.activemq.broker.BrokerService   : Loaded the Bouncy Castle security provider at position: 10
2020-10-19 05:40:47.673  INFO 144485 --- [           main] o.apache.activemq.broker.BrokerService   : Using Persistence Adapter: MemoryPersistenceAdapter
2020-10-19 05:40:47.779  INFO 144485 --- [  JMX connector] o.a.a.broker.jmx.ManagementContext       : JMX consoles can connect to service:jmx:rmi:///jndi/rmi://localhost:1099/jmxrmi
2020-10-19 05:40:48.106  INFO 144485 --- [           main] o.apache.activemq.broker.BrokerService   : Apache ActiveMQ 5.15.13 (localhost, ID:kondwani-36163-1603046447843-0:1) is starting
2020-10-19 05:40:48.140  INFO 144485 --- [           main] o.apache.activemq.broker.BrokerService   : Apache ActiveMQ 5.15.13 (localhost, ID:kondwani-36163-1603046447843-0:1) started
2020-10-19 05:40:48.141  INFO 144485 --- [           main] o.apache.activemq.broker.BrokerService   : For help or more information please see: http://activemq.apache.org
Hibernate: create table address (id bigint not null, address_line_1 varchar(160) not null, address_line_2 varchar(160), city varchar(160), postal_code varchar(10), state varchar(5) not null, primary key (id))
2020-10-19 05:40:48.282  INFO 144485 --- [           main] o.a.activemq.broker.TransportConnector   : Connector vm://localhost started
Hibernate: create table person (id bigint not null, age integer, first_name varchar(100) not null, gender varchar(20) not null, last_name varchar(100) not null, address_id bigint, primary key (id))
Hibernate: create table users (id bigint not null, last_signed_in timestamp, oauth_user_id varchar(100), password varchar(60), user_name varchar(100) not null, person_id bigint not null, primary key (id))
Hibernate: alter table users drop constraint if exists UK_97ih1g5lcdf1s3fg7oo4e18jw
Hibernate: alter table users add constraint UK_97ih1g5lcdf1s3fg7oo4e18jw unique (person_id)
Hibernate: alter table users drop constraint if exists UK_asfgj20w6ly2dt6uffhuslxt7
Hibernate: alter table users add constraint UK_asfgj20w6ly2dt6uffhuslxt7 unique (oauth_user_id)
Hibernate: alter table users drop constraint if exists UK_k8d0f2n7n88w1a16yhua64onx
Hibernate: alter table users add constraint UK_k8d0f2n7n88w1a16yhua64onx unique (user_name)
Hibernate: create sequence hibernate_sequence start with 1 increment by 1
Hibernate: alter table person add constraint FKk7rgn6djxsv2j2bv1mvuxd4m9 foreign key (address_id) references address
Hibernate: alter table users add constraint FKd21kkcigxa21xuby5i3va9ncs foreign key (person_id) references person
2020-10-19 05:40:48.337  INFO 144485 --- [         task-1] o.h.e.t.j.p.i.JtaPlatformInitiator       : HHH000490: Using JtaPlatform implementation: [org.hibernate.engine.transaction.jta.platform.internal.NoJtaPlatform]
2020-10-19 05:40:48.424  INFO 144485 --- [         task-1] j.LocalContainerEntityManagerFactoryBean : Initialized JPA EntityManagerFactory for persistence unit 'default'
2020-10-19 05:40:48.551  INFO 144485 --- [           main] DeferredRepositoryInitializationListener : Triggering deferred initialization of Spring Data repositories…
2020-10-19 05:40:49.807  INFO 144485 --- [           main] DeferredRepositoryInitializationListener : Spring Data repositories initialized!
2020-10-19 05:40:49.828  INFO 144485 --- [           main] com.ing.IngUserManagementApplication     : Started IngUserManagementApplication in 21.117 seconds (JVM running for 21.907)
2020-10-19 05:41:05.059  INFO 144485 --- [0.0-8730-exec-1] o.a.c.c.C.[.[localhost].[/assessment]    : Initializing Spring DispatcherServlet 'dispatcherServlet'
2020-10-19 05:41:05.060  INFO 144485 --- [0.0-8730-exec-1] o.s.web.servlet.DispatcherServlet        : Initializing Servlet 'dispatcherServlet'
2020-10-19 05:41:05.101  INFO 144485 --- [0.0-8730-exec-1] o.s.web.servlet.DispatcherServlet        : Completed initialization in 41 ms
2020-10-19 05:41:32.205  INFO 144485 --- [.0-8730-exec-10] o.springdoc.api.AbstractOpenApiResource  : Init duration for springdoc-openapi is: 918 ms
2020-10-19 05:41:50.224  INFO 144485 --- [x-UserService-1] com.ing.service.UserService              : getDetails
Hibernate: select user0_.id as id1_2_0_, user0_.last_signed_in as last_sig2_2_0_, user0_.oauth_user_id as oauth_us3_2_0_, user0_.password as password4_2_0_, user0_.person_id as person_i6_2_0_, user0_.user_name as user_nam5_2_0_, person1_.id as id1_1_1_, person1_.address_id as address_6_1_1_, person1_.age as age2_1_1_, person1_.first_name as first_na3_1_1_, person1_.gender as gender4_1_1_, person1_.last_name as last_nam5_1_1_, address2_.id as id1_0_2_, address2_.address_line_1 as address_2_0_2_, address2_.address_line_2 as address_3_0_2_, address2_.city as city4_0_2_, address2_.postal_code as postal_c5_0_2_, address2_.state as state6_0_2_ from users user0_ inner join person person1_ on user0_.person_id=person1_.id left outer join address address2_ on person1_.address_id=address2_.id where user0_.id=?
2020-10-19 05:41:50.355  INFO 144485 --- [x-UserService-1] com.ing.service.UserService              : found: com.ing.model.domain.User@20
Hibernate: select user0_.id as id1_2_, user0_.last_signed_in as last_sig2_2_, user0_.oauth_user_id as oauth_us3_2_, user0_.password as password4_2_, user0_.person_id as person_i6_2_, user0_.user_name as user_nam5_2_ from users user0_
Hibernate: select person0_.id as id1_1_0_, person0_.address_id as address_6_1_0_, person0_.age as age2_1_0_, person0_.first_name as first_na3_1_0_, person0_.gender as gender4_1_0_, person0_.last_name as last_nam5_1_0_, address1_.id as id1_0_1_, address1_.address_line_1 as address_2_0_1_, address1_.address_line_2 as address_3_0_1_, address1_.city as city4_0_1_, address1_.postal_code as postal_c5_0_1_, address1_.state as state6_0_1_ from person person0_ left outer join address address1_ on person0_.address_id=address1_.id where person0_.id=?
Hibernate: select person0_.id as id1_1_0_, person0_.address_id as address_6_1_0_, person0_.age as age2_1_0_, person0_.first_name as first_na3_1_0_, person0_.gender as gender4_1_0_, person0_.last_name as last_nam5_1_0_, address1_.id as id1_0_1_, address1_.address_line_1 as address_2_0_1_, address1_.address_line_2 as address_3_0_1_, address1_.city as city4_0_1_, address1_.postal_code as postal_c5_0_1_, address1_.state as state6_0_1_ from person person0_ left outer join address address1_ on person0_.address_id=address1_.id where person0_.id=?
Hibernate: select person0_.id as id1_1_0_, person0_.address_id as address_6_1_0_, person0_.age as age2_1_0_, person0_.first_name as first_na3_1_0_, person0_.gender as gender4_1_0_, person0_.last_name as last_nam5_1_0_, address1_.id as id1_0_1_, address1_.address_line_1 as address_2_0_1_, address1_.address_line_2 as address_3_0_1_, address1_.city as city4_0_1_, address1_.postal_code as postal_c5_0_1_, address1_.state as state6_0_1_ from person person0_ left outer join address address1_ on person0_.address_id=address1_.id where person0_.id=?
Hibernate: select person0_.id as id1_1_0_, person0_.address_id as address_6_1_0_, person0_.age as age2_1_0_, person0_.first_name as first_na3_1_0_, person0_.gender as gender4_1_0_, person0_.last_name as last_nam5_1_0_, address1_.id as id1_0_1_, address1_.address_line_1 as address_2_0_1_, address1_.address_line_2 as address_3_0_1_, address1_.city as city4_0_1_, address1_.postal_code as postal_c5_0_1_, address1_.state as state6_0_1_ from person person0_ left outer join address address1_ on person0_.address_id=address1_.id where person0_.id=?
Hibernate: select person0_.id as id1_1_0_, person0_.address_id as address_6_1_0_, person0_.age as age2_1_0_, person0_.first_name as first_na3_1_0_, person0_.gender as gender4_1_0_, person0_.last_name as last_nam5_1_0_, address1_.id as id1_0_1_, address1_.address_line_1 as address_2_0_1_, address1_.address_line_2 as address_3_0_1_, address1_.city as city4_0_1_, address1_.postal_code as postal_c5_0_1_, address1_.state as state6_0_1_ from person person0_ left outer join address address1_ on person0_.address_id=address1_.id where person0_.id=?
Hibernate: select person0_.id as id1_1_0_, person0_.address_id as address_6_1_0_, person0_.age as age2_1_0_, person0_.first_name as first_na3_1_0_, person0_.gender as gender4_1_0_, person0_.last_name as last_nam5_1_0_, address1_.id as id1_0_1_, address1_.address_line_1 as address_2_0_1_, address1_.address_line_2 as address_3_0_1_, address1_.city as city4_0_1_, address1_.postal_code as postal_c5_0_1_, address1_.state as state6_0_1_ from person person0_ left outer join address address1_ on person0_.address_id=address1_.id where person0_.id=?
Hibernate: select person0_.id as id1_1_0_, person0_.address_id as address_6_1_0_, person0_.age as age2_1_0_, person0_.first_name as first_na3_1_0_, person0_.gender as gender4_1_0_, person0_.last_name as last_nam5_1_0_, address1_.id as id1_0_1_, address1_.address_line_1 as address_2_0_1_, address1_.address_line_2 as address_3_0_1_, address1_.city as city4_0_1_, address1_.postal_code as postal_c5_0_1_, address1_.state as state6_0_1_ from person person0_ left outer join address address1_ on person0_.address_id=address1_.id where person0_.id=?
Hibernate: select person0_.id as id1_1_0_, person0_.address_id as address_6_1_0_, person0_.age as age2_1_0_, person0_.first_name as first_na3_1_0_, person0_.gender as gender4_1_0_, person0_.last_name as last_nam5_1_0_, address1_.id as id1_0_1_, address1_.address_line_1 as address_2_0_1_, address1_.address_line_2 as address_3_0_1_, address1_.city as city4_0_1_, address1_.postal_code as postal_c5_0_1_, address1_.state as state6_0_1_ from person person0_ left outer join address address1_ on person0_.address_id=address1_.id where person0_.id=?
Hibernate: select person0_.id as id1_1_0_, person0_.address_id as address_6_1_0_, person0_.age as age2_1_0_, person0_.first_name as first_na3_1_0_, person0_.gender as gender4_1_0_, person0_.last_name as last_nam5_1_0_, address1_.id as id1_0_1_, address1_.address_line_1 as address_2_0_1_, address1_.address_line_2 as address_3_0_1_, address1_.city as city4_0_1_, address1_.postal_code as postal_c5_0_1_, address1_.state as state6_0_1_ from person person0_ left outer join address address1_ on person0_.address_id=address1_.id where person0_.id=?
Hibernate: select person0_.id as id1_1_0_, person0_.address_id as address_6_1_0_, person0_.age as age2_1_0_, person0_.first_name as first_na3_1_0_, person0_.gender as gender4_1_0_, person0_.last_name as last_nam5_1_0_, address1_.id as id1_0_1_, address1_.address_line_1 as address_2_0_1_, address1_.address_line_2 as address_3_0_1_, address1_.city as city4_0_1_, address1_.postal_code as postal_c5_0_1_, address1_.state as state6_0_1_ from person person0_ left outer join address address1_ on person0_.address_id=address1_.id where person0_.id=?
2020-10-19 05:47:10.612 ERROR 144485 --- [0.0-8730-exec-6] o.a.c.c.C.[.[.[.[dispatcherServlet]      : Servlet.service() for servlet [dispatcherServlet] in context with path [/assessment] threw exception [Handler dispatch failed; nested exception is java.lang.OutOfMemoryError: GC overhead limit exceeded] with root cause

java.lang.OutOfMemoryError: GC overhead limit exceeded
	at java.util.LinkedHashMap$LinkedValues.iterator(LinkedHashMap.java:596) ~[na:1.8.0_265]
	at org.springframework.beans.CachedIntrospectionResults.getPropertyDescriptors(CachedIntrospectionResults.java:356) ~[spring-beans-5.2.8.RELEASE.jar!/:5.2.8.RELEASE]
	at org.springframework.beans.BeanUtils.getPropertyDescriptors(BeanUtils.java:446) ~[spring-beans-5.2.8.RELEASE.jar!/:5.2.8.RELEASE]
	at org.springframework.beans.BeanUtils.copyProperties(BeanUtils.java:709) ~[spring-beans-5.2.8.RELEASE.jar!/:5.2.8.RELEASE]
	at org.springframework.beans.BeanUtils.copyProperties(BeanUtils.java:644) ~[spring-beans-5.2.8.RELEASE.jar!/:5.2.8.RELEASE]
	at com.ing.model.mapper.UserMapper.mapToDto(UserMapper.java:13) ~[classes!/:1.0-SNAPSHOT]
	at com.ing.service.UserService.getAll(UserService.java:97) ~[classes!/:1.0-SNAPSHOT]
	at com.ing.service.UserService$$FastClassBySpringCGLIB$$c1e3b918.invoke(<generated>) ~[classes!/:1.0-SNAPSHOT]
	at org.springframework.cglib.proxy.MethodProxy.invoke(MethodProxy.java:218) ~[spring-core-5.2.8.RELEASE.jar!/:5.2.8.RELEASE]
	at org.springframework.aop.framework.CglibAopProxy$CglibMethodInvocation.invokeJoinpoint(CglibAopProxy.java:771) ~[spring-aop-5.2.8.RELEASE.jar!/:5.2.8.RELEASE]
	at org.springframework.aop.framework.ReflectiveMethodInvocation.proceed(ReflectiveMethodInvocation.java:163) ~[spring-aop-5.2.8.RELEASE.jar!/:5.2.8.RELEASE]
	at org.springframework.aop.framework.CglibAopProxy$CglibMethodInvocation.proceed(CglibAopProxy.java:749) ~[spring-aop-5.2.8.RELEASE.jar!/:5.2.8.RELEASE]
	at org.springframework.aop.interceptor.ExposeInvocationInterceptor.invoke(ExposeInvocationInterceptor.java:95) ~[spring-aop-5.2.8.RELEASE.jar!/:5.2.8.RELEASE]
	at org.springframework.aop.framework.ReflectiveMethodInvocation.proceed(ReflectiveMethodInvocation.java:186) ~[spring-aop-5.2.8.RELEASE.jar!/:5.2.8.RELEASE]
	at org.springframework.aop.framework.CglibAopProxy$CglibMethodInvocation.proceed(CglibAopProxy.java:749) ~[spring-aop-5.2.8.RELEASE.jar!/:5.2.8.RELEASE]
	at org.springframework.aop.framework.CglibAopProxy$DynamicAdvisedInterceptor.intercept(CglibAopProxy.java:691) ~[spring-aop-5.2.8.RELEASE.jar!/:5.2.8.RELEASE]
	at com.ing.service.UserService$$EnhancerBySpringCGLIB$$b8604e8.getAll(<generated>) ~[classes!/:1.0-SNAPSHOT]
	at com.ing.controller.UserManagementController.getAll(UserManagementController.java:36) ~[classes!/:1.0-SNAPSHOT]
	at sun.reflect.NativeMethodAccessorImpl.invoke0(Native Method) ~[na:1.8.0_265]
	at sun.reflect.NativeMethodAccessorImpl.invoke(NativeMethodAccessorImpl.java:62) ~[na:1.8.0_265]
	at sun.reflect.DelegatingMethodAccessorImpl.invoke(DelegatingMethodAccessorImpl.java:43) ~[na:1.8.0_265]
	at java.lang.reflect.Method.invoke(Method.java:498) ~[na:1.8.0_265]
	at org.springframework.web.method.support.InvocableHandlerMethod.doInvoke(InvocableHandlerMethod.java:190) ~[spring-web-5.2.8.RELEASE.jar!/:5.2.8.RELEASE]
	at org.springframework.web.method.support.InvocableHandlerMethod.invokeForRequest(InvocableHandlerMethod.java:138) ~[spring-web-5.2.8.RELEASE.jar!/:5.2.8.RELEASE]
	at org.springframework.web.servlet.mvc.method.annotation.ServletInvocableHandlerMethod.invokeAndHandle(ServletInvocableHandlerMethod.java:105) ~[spring-webmvc-5.2.8.RELEASE.jar!/:5.2.8.RELEASE]
	at org.springframework.web.servlet.mvc.method.annotation.RequestMappingHandlerAdapter.invokeHandlerMethod(RequestMappingHandlerAdapter.java:878) ~[spring-webmvc-5.2.8.RELEASE.jar!/:5.2.8.RELEASE]
	at org.springframework.web.servlet.mvc.method.annotation.RequestMappingHandlerAdapter.handleInternal(RequestMappingHandlerAdapter.java:792) ~[spring-webmvc-5.2.8.RELEASE.jar!/:5.2.8.RELEASE]
	at org.springframework.web.servlet.mvc.method.AbstractHandlerMethodAdapter.handle(AbstractHandlerMethodAdapter.java:87) ~[spring-webmvc-5.2.8.RELEASE.jar!/:5.2.8.RELEASE]
	at org.springframework.web.servlet.DispatcherServlet.doDispatch(DispatcherServlet.java:1040) ~[spring-webmvc-5.2.8.RELEASE.jar!/:5.2.8.RELEASE]
	at org.springframework.web.servlet.DispatcherServlet.doService(DispatcherServlet.java:943) ~[spring-webmvc-5.2.8.RELEASE.jar!/:5.2.8.RELEASE]
	at org.springframework.web.servlet.FrameworkServlet.processRequest(FrameworkServlet.java:1006) ~[spring-webmvc-5.2.8.RELEASE.jar!/:5.2.8.RELEASE]
	at org.springframework.web.servlet.FrameworkServlet.doGet(FrameworkServlet.java:898) ~[spring-webmvc-5.2.8.RELEASE.jar!/:5.2.8.RELEASE]

